<?xml version="1.0" encoding="UTF-8"?>
<!-- Generated by org.testng.reporters.JUnitReportReporter -->
<testsuite hostname="LAPTOP-A9933G39" failures="0" tests="2" name="com.qa.testcases.TestCase1" time="0.006" errors="0" timestamp="2021-09-12T15:08:49 IST" skipped="0">
  <testcase classname="com.qa.testcases.TestCase1" name="doUserReg" time="0.003"/>
  <system-out/>
  <testcase classname="com.qa.testcases.TestCase1" name="doLogin" time="0.003"/>
  <system-out/>
</testsuite> <!-- com.qa.testcases.TestCase1 -->
