<?xml version="1.0" encoding="UTF-8"?>
<!-- Generated by org.testng.reporters.JUnitReportReporter -->
<testsuite hostname="LAPTOP-A9933G39" failures="0" tests="3" name="paralleltesting.TestInvocation" time="22.987" errors="0" timestamp="2021-09-12T15:00:16 IST" skipped="0">
  <testcase classname="paralleltesting.TestInvocation" name="executetest" time="6.672"/>
  <system-out/>
  <testcase classname="paralleltesting.TestInvocation" name="executetest" time="6.801"/>
  <system-out/>
  <testcase classname="paralleltesting.TestInvocation" name="executetest" time="9.514"/>
  <system-out/>
</testsuite> <!-- paralleltesting.TestInvocation -->
