<?xml version="1.0" encoding="UTF-8"?>
<!-- Generated by org.testng.reporters.JUnitReportReporter -->
<testsuite hostname="LAPTOP-A9933G39" failures="0" tests="1" name="com.qa.testcases.TestSkip" time="0.006" errors="0" timestamp="2021-09-09T02:30:33 IST" skipped="1">
  <testcase classname="com.qa.testcases.TestSkip" name="isSkip" time="0.006">
    <skipped/>
  </testcase> <!-- isSkip -->
  <system-out/>
</testsuite> <!-- com.qa.testcases.TestSkip -->
