<?xml version="1.0" encoding="UTF-8"?>
<!-- Generated by org.testng.reporters.JUnitReportReporter -->
<testsuite hostname="LAPTOP-A9933G39" failures="0" tests="2" name="paralleltesting.TestBrowser" time="22.390" errors="0" timestamp="2021-09-12T15:50:45 IST" skipped="0">
  <testcase classname="paralleltesting.TestBrowser" name="launchbrowser" time="11.130"/>
  <system-out/>
  <testcase classname="paralleltesting.TestBrowser" name="launchbrowser" time="11.260"/>
  <system-out/>
</testsuite> <!-- paralleltesting.TestBrowser -->
