<?xml version="1.0" encoding="UTF-8"?>
<!-- Generated by org.testng.reporters.JUnitReportReporter -->
<testsuite hostname="LAPTOP-A9933G39" failures="0" tests="2" name="com.qa.testcases.MutipleDataProvider" time="0.006" errors="0" timestamp="2021-09-09T15:38:03 IST" skipped="0">
  <testcase classname="com.qa.testcases.MutipleDataProvider" name="doLogin" time="0.005"/>
  <system-out/>
  <testcase classname="com.qa.testcases.MutipleDataProvider" name="doLogin" time="0.001"/>
  <system-out/>
</testsuite> <!-- com.qa.testcases.MutipleDataProvider -->
