<?xml version="1.0" encoding="UTF-8"?>
<!-- Generated by org.testng.reporters.JUnitReportReporter -->
<testsuite hostname="LAPTOP-A9933G39" failures="0" tests="4" name="com.qa.testcases.TestNGParameterization" time="0.017" errors="0" timestamp="2021-09-09T13:43:07 IST" skipped="0">
  <testcase classname="com.qa.testcases.TestNGParameterization" name="doLogin" time="0.002"/>
  <system-out/>
  <testcase classname="com.qa.testcases.TestNGParameterization" name="doLogin" time="0.010"/>
  <system-out/>
  <testcase classname="com.qa.testcases.TestNGParameterization" name="doLogin" time="0.004"/>
  <system-out/>
  <testcase classname="com.qa.testcases.TestNGParameterization" name="doLogin" time="0.001"/>
  <system-out/>
</testsuite> <!-- com.qa.testcases.TestNGParameterization -->
