<?xml version="1.0" encoding="UTF-8"?>
<!-- Generated by org.testng.reporters.JUnitReportReporter -->
<testsuite hostname="LAPTOP-A9933G39" failures="0" tests="4" name="com.qa.testcases.LoginTest" time="0.014" errors="0" timestamp="2021-09-11T23:34:46 IST" skipped="0">
  <testcase classname="com.qa.testcases.LoginTest" name="doUserReg" time="0.002"/>
  <system-out/>
  <testcase classname="com.qa.testcases.LoginTest" name="doUserReg" time="0.010"/>
  <system-out/>
  <testcase classname="com.qa.testcases.LoginTest" name="doLogin" time="0.001"/>
  <system-out/>
  <testcase classname="com.qa.testcases.LoginTest" name="doLogin" time="0.001"/>
  <system-out/>
</testsuite> <!-- com.qa.testcases.LoginTest -->
