<?xml version="1.0" encoding="UTF-8"?>
<!-- Generated by org.testng.reporters.JUnitReportReporter -->
<testsuite hostname="LAPTOP-A9933G39" failures="0" tests="2" name="regression.TestCase1" time="0.003" errors="0" timestamp="2021-09-09T01:32:48 IST" skipped="0">
  <testcase classname="regression.TestCase1" name="doUserReg" time="0.002"/>
  <system-out/>
  <testcase classname="regression.TestCase1" name="doLogin" time="0.001"/>
  <system-out/>
</testsuite> <!-- regression.TestCase1 -->
