<?xml version="1.0" encoding="UTF-8"?>
<!-- Generated by org.testng.reporters.JUnitReportReporter -->
<testsuite hostname="LAPTOP-A9933G39" failures="0" tests="4" name="customlistener.TestNGParameterization" time="0.012" errors="0" timestamp="2021-09-09T15:13:43 IST" skipped="0">
  <testcase classname="customlistener.TestNGParameterization" name="doLogin" time="0.003"/>
  <system-out/>
  <testcase classname="customlistener.TestNGParameterization" name="doLogin" time="0.002"/>
  <system-out/>
  <testcase classname="customlistener.TestNGParameterization" name="doLogin" time="0.001"/>
  <system-out/>
  <testcase classname="customlistener.TestNGParameterization" name="doLogin" time="0.006"/>
  <system-out/>
</testsuite> <!-- customlistener.TestNGParameterization -->
