<?xml version="1.0" encoding="UTF-8"?>
<!-- Generated by org.testng.reporters.JUnitReportReporter -->
<testsuite hostname="LAPTOP-A9933G39" failures="0" tests="2" name="paralleltesting.ParallelTestDataProvider" time="0.016" errors="0" timestamp="2021-09-09T17:40:13 IST" skipped="0">
  <testcase classname="paralleltesting.ParallelTestDataProvider" name="launchbrowser" time="0.015"/>
  <system-out/>
  <testcase classname="paralleltesting.ParallelTestDataProvider" name="launchbrowser" time="0.001"/>
  <system-out/>
</testsuite> <!-- paralleltesting.ParallelTestDataProvider -->
